DroneDetection/app/build/intermediates/manifest_merge_blame_file/debug/manifest-merger-blame-debug-report.txt
1<?xml version="1.0" encoding="utf-8"?>
2<manifest xmlns:android="http://schemas.android.com/apk/res/android"
3    package="com.example.dronedetection"
4    android:versionCode="1"
5    android:versionName="1.0" >
6
7    <uses-sdk
8        android:minSdkVersion="29"
8-->src\main\AndroidManifest.xml
9        android:targetSdkVersion="32" />
9-->src\main\AndroidManifest.xml
10
11    <uses-permission android:name="android.permission.FOREGROUND_SERVICE" />
11-->src\main\AndroidManifest.xml:25:5-76
11-->src\main\AndroidManifest.xml:25:22-74
12    <uses-permission android:name="android.permission.INTERNET" />
12-->src\main\AndroidManifest.xml:26:5-66
12-->src\main\AndroidManifest.xml:26:22-64
13
14    <application
14-->src\main\AndroidManifest.xml:5:5-23:19
15        android:appComponentFactory="androidx.core.app.CoreComponentFactory"
15-->[androidx.core:core:1.7.0] AndroidManifest.xml:24:18-86
16        android:debuggable="true"
17        android:extractNativeLibs="false"
18        android:label="@string/app_name"
18-->src\main\AndroidManifest.xml:5:18-50
19        android:testOnly="true" >
20        <activity
20-->src\main\AndroidManifest.xml:7:9-14:20
21            android:name="com.service.vpnservice.VpnClient"
21-->src\main\AndroidManifest.xml:7:19-66
22            android:configChanges="orientation|keyboardHidden"
22-->src\main\AndroidManifest.xml:8:13-63
23            android:exported="true" >
23-->src\main\AndroidManifest.xml:9:13-36
24            <intent-filter>
24-->src\main\AndroidManifest.xml:10:13-13:29
25                <action android:name="android.intent.action.MAIN" />
25-->src\main\AndroidManifest.xml:11:17-68
25-->src\main\AndroidManifest.xml:11:25-66
26
27                <category android:name="android.intent.category.LAUNCHER" />
27-->src\main\AndroidManifest.xml:12:17-76
27-->src\main\AndroidManifest.xml:12:27-74
28            </intent-filter>
29        </activity>
30
31        <service
31-->src\main\AndroidManifest.xml:16:9-22:19
32            android:name="com.service.vpnservice.myVpnService"
32-->src\main\AndroidManifest.xml:16:18-68
33            android:exported="true"
33-->src\main\AndroidManifest.xml:18:13-36
34            android:permission="android.permission.BIND_VPN_SERVICE" >
34-->src\main\AndroidManifest.xml:17:13-69
35            <intent-filter>
35-->src\main\AndroidManifest.xml:19:13-21:29
36                <action android:name="android.net.VpnService" />
36-->src\main\AndroidManifest.xml:20:17-64
36-->src\main\AndroidManifest.xml:20:25-62
37            </intent-filter>
38        </service>
39
40        <provider
40-->[androidx.emoji2:emoji2:1.0.0] AndroidManifest.xml:26:9-34:20
41            android:name="androidx.startup.InitializationProvider"
41-->[androidx.emoji2:emoji2:1.0.0] AndroidManifest.xml:27:13-67
42            android:authorities="com.example.dronedetection.androidx-startup"
42-->[androidx.emoji2:emoji2:1.0.0] AndroidManifest.xml:28:13-68
43            android:exported="false" >
43-->[androidx.emoji2:emoji2:1.0.0] AndroidManifest.xml:29:13-37
44            <meta-data
44-->[androidx.emoji2:emoji2:1.0.0] AndroidManifest.xml:31:13-33:52
45                android:name="androidx.emoji2.text.EmojiCompatInitializer"
45-->[androidx.emoji2:emoji2:1.0.0] AndroidManifest.xml:32:17-75
46                android:value="androidx.startup" />
46-->[androidx.emoji2:emoji2:1.0.0] AndroidManifest.xml:33:17-49
47            <meta-data
47-->[androidx.lifecycle:lifecycle-process:2.4.0] AndroidManifest.xml:31:13-33:52
48                android:name="androidx.lifecycle.ProcessLifecycleInitializer"
48-->[androidx.lifecycle:lifecycle-process:2.4.0] AndroidManifest.xml:32:17-78
49                android:value="androidx.startup" />
49-->[androidx.lifecycle:lifecycle-process:2.4.0] AndroidManifest.xml:33:17-49
50        </provider>
51    </application>
52
53</manifest>